[1615974049.197][INFO]: Starting ChromeDriver 88.0.4324.96 (68dba2d8a0b149a1d3afac56fa74648032bcf46b-refs/branch-heads/4324@{#1784}) on port 51497
[1615974049.197][INFO]: Please see https://chromedriver.chromium.org/security-considerations for suggestions on keeping ChromeDriver safe.
[1615974049.705][INFO]: [f6e6337564a4b1f814594c9d21fe6384] COMMAND InitSession {
   "capabilities": {
      "alwaysMatch": {
         "browserName": "chrome",
         "goog:chromeOptions": {
            "args": [ "--headless", "--use-fake-ui-for-media-stream" ],
            "extensions": [  ]
         },
         "platformName": "any"
      },
      "firstMatch": [ {

      } ]
   },
   "desiredCapabilities": {
      "browserName": "chrome",
      "goog:chromeOptions": {
         "args": [ "--headless", "--use-fake-ui-for-media-stream" ],
         "extensions": [  ]
      },
      "platform": "ANY",
      "version": ""
   }
}
[1615974049.707][INFO]: Populating Preferences file: {
   "alternate_error_pages": {
      "enabled": false
   },
   "autofill": {
      "enabled": false
   },
   "browser": {
      "check_default_browser": false
   },
   "distribution": {
      "import_bookmarks": false,
      "import_history": false,
      "import_search_engine": false,
      "make_chrome_default_for_user": false,
      "skip_first_run_ui": true
   },
   "dns_prefetching": {
      "enabled": false
   },
   "profile": {
      "content_settings": {
         "pattern_pairs": {
            "https://*,*": {
               "media-stream": {
                  "audio": "Default",
                  "video": "Default"
               }
            }
         }
      },
      "default_content_setting_values": {
         "geolocation": 1
      },
      "default_content_settings": {
         "geolocation": 1,
         "mouselock": 1,
         "notifications": 1,
         "popups": 1,
         "ppapi-broker": 1
      },
      "password_manager_enabled": false
   },
   "safebrowsing": {
      "enabled": false
   },
   "search": {
      "suggest_enabled": false
   },
   "translate": {
      "enabled": false
   }
}
[1615974049.713][INFO]: Populating Local State file: {
   "background_mode": {
      "enabled": false
   },
   "ssl": {
      "rev_checking": {
         "enabled": false
      }
   }
}
[1615974049.723][INFO]: Launching chrome: "C:\Program Files (x86)\Google\Chrome\Application\chrome.exe" --disable-background-networking --disable-backgrounding-occluded-windows --disable-client-side-phishing-detection --disable-default-apps --disable-hang-monitor --disable-popup-blocking --disable-prompt-on-repost --disable-sync --enable-automation --enable-blink-features=ShadowDOMV0 --enable-logging --headless --log-level=0 --no-first-run --no-service-autorun --password-store=basic --remote-debugging-port=0 --test-type=webdriver --use-fake-ui-for-media-stream --use-mock-keychain --user-data-dir="C:\Users\wexne\AppData\Local\Temp\scoped_dir18624_1409294651" data:,
[1615974050.239][WARNING]: This version of ChromeDriver has not been tested with Chrome version 89.
[1615974050.247][INFO]: resolved localhost to ["::1","127.0.0.1"]
[1615974050.263][INFO]: [f6e6337564a4b1f814594c9d21fe6384] RESPONSE InitSession {
   "capabilities": {
      "acceptInsecureCerts": false,
      "browserName": "chrome",
      "browserVersion": "89.0.4389.90",
      "chrome": {
         "chromedriverVersion": "88.0.4324.96 (68dba2d8a0b149a1d3afac56fa74648032bcf46b-refs/branch-heads/4324@{#1784})",
         "userDataDir": "C:\\Users\\wexne\\AppData\\Local\\Temp\\scoped_dir18624_1409294651"
      },
      "goog:chromeOptions": {
         "debuggerAddress": "localhost:51503"
      },
      "networkConnectionEnabled": false,
      "pageLoadStrategy": "normal",
      "platformName": "windows",
      "proxy": {

      },
      "setWindowRect": true,
      "strictFileInteractability": false,
      "timeouts": {
         "implicit": 0,
         "pageLoad": 300000,
         "script": 30000
      },
      "unhandledPromptBehavior": "dismiss and notify",
      "webauthn:extension:largeBlob": true,
      "webauthn:virtualAuthenticators": true
   },
   "sessionId": "f6e6337564a4b1f814594c9d21fe6384"
}
[1615974050.266][INFO]: [f6e6337564a4b1f814594c9d21fe6384] COMMAND Navigate {
   "url": "run"
}
[1615974050.266][INFO]: Waiting for pending navigations...
[1615974050.269][INFO]: Done waiting for pending navigations. Status: ok
[1615974050.270][INFO]: Waiting for pending navigations...
[1615974050.270][INFO]: Done waiting for pending navigations. Status: ok
[1615974050.270][INFO]: [f6e6337564a4b1f814594c9d21fe6384] RESPONSE Navigate ERROR invalid argument
  (Session info: headless chrome=89.0.4389.90)
[1615974050.272][INFO]: [f6e6337564a4b1f814594c9d21fe6384] COMMAND CloseWindow {

}
[1615974050.288][INFO]: [f6e6337564a4b1f814594c9d21fe6384] RESPONSE CloseWindow [  ]
